
--------------------------------------------------------------------------------
Start: 15-paü-2014 08:26:12
Component Name: Export to Shape File
Input Name: 
Information: 12 feature(s) successfully exported.
End: 15-paü-2014 08:26:12
--------------------------------------------------------------------------------

--------------------------------------------------------------------------------
Start: 15-paü-2014 08:26:13
Component Name: Export to Shape File
Input Name: 
Information: 269 feature(s) successfully exported.
End: 15-paü-2014 08:26:15
--------------------------------------------------------------------------------

--------------------------------------------------------------------------------
Start: 15-paü-2014 08:26:15
Component Name: Export to Shape File
Input Name: 
Information: 269 feature(s) successfully exported.
End: 15-paü-2014 08:26:16
--------------------------------------------------------------------------------

--------------------------------------------------------------------------------
Start: 15-paü-2014 08:26:16
Component Name: Export to Shape File
Input Name: 
Information: 45109 feature(s) successfully exported.
End: 15-paü-2014 08:31:24
--------------------------------------------------------------------------------

--------------------------------------------------------------------------------
Start: 15-paü-2014 08:31:24
Component Name: Export to Shape File
Input Name: 
Information: 66 feature(s) successfully exported.
End: 15-paü-2014 08:31:25
--------------------------------------------------------------------------------

--------------------------------------------------------------------------------
Start: 15-paü-2014 08:31:25
Component Name: Export to Shape File
Input Name: 
Information: 5 feature(s) successfully exported.
End: 15-paü-2014 08:31:25
--------------------------------------------------------------------------------

--------------------------------------------------------------------------------
Start: 15-paü-2014 08:31:25
Component Name: Export to Shape File
Input Name: 
Information: 15 feature(s) successfully exported.
End: 15-paü-2014 08:31:25
--------------------------------------------------------------------------------

--------------------------------------------------------------------------------
Start: 15-paü-2014 08:31:25
Component Name: Export to Shape File
Input Name: 
Information: 1997 feature(s) successfully exported.
End: 15-paü-2014 08:31:40
--------------------------------------------------------------------------------

--------------------------------------------------------------------------------
Start: 15-paü-2014 08:31:40
Component Name: Export to Shape File
Input Name: 
Information: 1890 feature(s) successfully exported.
End: 15-paü-2014 08:31:54
--------------------------------------------------------------------------------

--------------------------------------------------------------------------------
Start: 15-paü-2014 08:31:54
Component Name: Export to Shape File
Input Name: 
Information: 5 feature(s) successfully exported.
End: 15-paü-2014 08:31:54
--------------------------------------------------------------------------------

--------------------------------------------------------------------------------
Start: 15-paü-2014 08:31:54
Component Name: Export to Shape File
Input Name: 
Information: 1149 feature(s) successfully exported.
End: 15-paü-2014 08:32:02
--------------------------------------------------------------------------------

--------------------------------------------------------------------------------
Start: 15-paü-2014 08:32:02
Component Name: Export to Shape File
Input Name: 
Information: 210 feature(s) successfully exported.
End: 15-paü-2014 08:32:03
--------------------------------------------------------------------------------

--------------------------------------------------------------------------------
Start: 15-paü-2014 08:32:03
Component Name: Export to Shape File
Input Name: 
Information: 8 feature(s) successfully exported.
End: 15-paü-2014 08:32:04
--------------------------------------------------------------------------------

--------------------------------------------------------------------------------
Start: 15-paü-2014 08:32:04
Component Name: Export to Shape File
Input Name: 
Information: 4 feature(s) successfully exported.
End: 15-paü-2014 08:32:04
--------------------------------------------------------------------------------

--------------------------------------------------------------------------------
Start: 15-paü-2014 08:32:04
Component Name: Export to Shape File
Input Name: 
Information: 207 feature(s) successfully exported.
End: 15-paü-2014 08:32:06
--------------------------------------------------------------------------------

--------------------------------------------------------------------------------
Start: 15-paü-2014 08:32:06
Component Name: Export to Shape File
Input Name: 
Information: 766 feature(s) successfully exported.
End: 15-paü-2014 08:32:10
--------------------------------------------------------------------------------

--------------------------------------------------------------------------------
Start: 15-paü-2014 08:32:10
Component Name: Export to Shape File
Input Name: 
Information: 1527 feature(s) successfully exported.
End: 15-paü-2014 08:32:21
--------------------------------------------------------------------------------

--------------------------------------------------------------------------------
Start: 15-paü-2014 08:32:21
Component Name: Export to Shape File
Input Name: 
Information: 78 feature(s) successfully exported.
End: 15-paü-2014 08:32:22
--------------------------------------------------------------------------------

--------------------------------------------------------------------------------
Start: 15-paü-2014 08:32:22
Component Name: Export to Shape File
Input Name: 
Information: 960 feature(s) successfully exported.
End: 15-paü-2014 08:32:28
--------------------------------------------------------------------------------

--------------------------------------------------------------------------------
Start: 15-paü-2014 08:32:28
Component Name: Export to Shape File
Input Name: 
Information: 20 feature(s) successfully exported.
End: 15-paü-2014 08:32:28
--------------------------------------------------------------------------------

--------------------------------------------------------------------------------
Start: 15-paü-2014 08:32:28
Component Name: Export to Shape File
Input Name: 
Information: 9 feature(s) successfully exported.
End: 15-paü-2014 08:32:29
--------------------------------------------------------------------------------

--------------------------------------------------------------------------------
Start: 15-paü-2014 08:32:29
Component Name: Export to Shape File
Input Name: 
Information: 8 feature(s) successfully exported.
End: 15-paü-2014 08:32:29
--------------------------------------------------------------------------------

--------------------------------------------------------------------------------
Start: 15-paü-2014 08:32:29
Component Name: Export to Shape File
Input Name: 
Information: 5 feature(s) successfully exported.
End: 15-paü-2014 08:32:29
--------------------------------------------------------------------------------

--------------------------------------------------------------------------------
Start: 15-paü-2014 08:32:29
Component Name: Export to Shape File
Input Name: 
Information: 3 feature(s) successfully exported.
End: 15-paü-2014 08:32:29
--------------------------------------------------------------------------------

--------------------------------------------------------------------------------
Start: 15-paü-2014 08:32:29
Component Name: Export to Shape File
Input Name: 
Information: 4 feature(s) successfully exported.
End: 15-paü-2014 08:32:29
--------------------------------------------------------------------------------

--------------------------------------------------------------------------------
Start: 15-paü-2014 08:32:29
Component Name: Export to Shape File
Input Name: 
Information: 48 feature(s) successfully exported.
End: 15-paü-2014 08:32:30
--------------------------------------------------------------------------------

--------------------------------------------------------------------------------
Start: 15-paü-2014 08:32:30
Component Name: Export to Shape File
Input Name: 
Information: 5 feature(s) successfully exported.
End: 15-paü-2014 08:32:30
--------------------------------------------------------------------------------

--------------------------------------------------------------------------------
Start: 15-paü-2014 08:32:30
Component Name: Export to Shape File
Input Name: 
Information: 20296 feature(s) successfully exported.
End: 15-paü-2014 08:34:53
--------------------------------------------------------------------------------

--------------------------------------------------------------------------------
Start: 15-paü-2014 08:34:53
Component Name: Export to Shape File
Input Name: 
Information: 46 feature(s) successfully exported.
End: 15-paü-2014 08:34:54
--------------------------------------------------------------------------------

--------------------------------------------------------------------------------
Start: 15-paü-2014 08:34:54
Component Name: Export to Shape File
Input Name: 
Information: 4 feature(s) successfully exported.
End: 15-paü-2014 08:34:54
--------------------------------------------------------------------------------

--------------------------------------------------------------------------------
Start: 15-paü-2014 08:34:54
Component Name: Export to Shape File
Input Name: 
Information: 194 feature(s) successfully exported.
End: 15-paü-2014 08:34:55
--------------------------------------------------------------------------------

--------------------------------------------------------------------------------
Start: 15-paü-2014 08:34:55
Component Name: Export to Shape File
Input Name: 
Information: 14 feature(s) successfully exported.
End: 15-paü-2014 08:34:55
--------------------------------------------------------------------------------

--------------------------------------------------------------------------------
Start: 15-paü-2014 08:34:56
Component Name: Export to Shape File
Input Name: 
Information: 54 feature(s) successfully exported.
End: 15-paü-2014 08:34:56
--------------------------------------------------------------------------------

--------------------------------------------------------------------------------
Start: 15-paü-2014 08:34:56
Component Name: Export to Shape File
Input Name: 
Information: 22 feature(s) successfully exported.
End: 15-paü-2014 08:34:56
--------------------------------------------------------------------------------

--------------------------------------------------------------------------------
Start: 15-paü-2014 08:34:56
Component Name: Export to Shape File
Input Name: 
Information: 10 feature(s) successfully exported.
End: 15-paü-2014 08:34:56
--------------------------------------------------------------------------------

--------------------------------------------------------------------------------
Start: 15-paü-2014 08:34:57
Component Name: Export to Shape File
Input Name: 
Information: 6 feature(s) successfully exported.
End: 15-paü-2014 08:34:57
--------------------------------------------------------------------------------

--------------------------------------------------------------------------------
Start: 15-paü-2014 08:34:57
Component Name: Export to Shape File
Input Name: 
Information: 1 feature(s) successfully exported.
End: 15-paü-2014 08:34:57
--------------------------------------------------------------------------------

--------------------------------------------------------------------------------
Start: 15-paü-2014 08:34:57
Component Name: Export to Shape File
Input Name: 
Information: 84 feature(s) successfully exported.
End: 15-paü-2014 08:34:58
--------------------------------------------------------------------------------

--------------------------------------------------------------------------------
Start: 15-paü-2014 08:34:58
Component Name: Export to Shape File
Input Name: 
Information: 585 feature(s) successfully exported.
End: 15-paü-2014 08:35:01
--------------------------------------------------------------------------------

--------------------------------------------------------------------------------
Start: 15-paü-2014 08:35:01
Component Name: Export to Shape File
Input Name: 
Information: 949 feature(s) successfully exported.
End: 15-paü-2014 08:35:07
--------------------------------------------------------------------------------

--------------------------------------------------------------------------------
Start: 15-paü-2014 08:35:07
Component Name: Export to Shape File
Input Name: 
Information: 86 feature(s) successfully exported.
End: 15-paü-2014 08:35:08
--------------------------------------------------------------------------------

--------------------------------------------------------------------------------
Start: 15-paü-2014 08:35:08
Component Name: Export to Shape File
Input Name: 
Information: 53 feature(s) successfully exported.
End: 15-paü-2014 08:35:09
--------------------------------------------------------------------------------

--------------------------------------------------------------------------------
Start: 15-paü-2014 08:35:09
Component Name: Export to Shape File
Input Name: 
Information: 492 feature(s) successfully exported.
End: 15-paü-2014 08:35:11
--------------------------------------------------------------------------------

--------------------------------------------------------------------------------
Start: 15-paü-2014 08:35:11
Component Name: Export to Shape File
Input Name: 
Information: 10987 feature(s) successfully exported.
End: 15-paü-2014 08:36:23
--------------------------------------------------------------------------------

--------------------------------------------------------------------------------
Start: 15-paü-2014 08:36:23
Component Name: Export to Shape File
Input Name: 
Information: 50290 feature(s) successfully exported.
End: 15-paü-2014 08:41:49
--------------------------------------------------------------------------------

--------------------------------------------------------------------------------
Start: 15-paü-2014 08:41:49
Component Name: Export to Shape File
Input Name: 
Information: 624 feature(s) successfully exported.
End: 15-paü-2014 08:41:56
--------------------------------------------------------------------------------

--------------------------------------------------------------------------------
Start: 15-paü-2014 08:41:56
Component Name: Export to Shape File
Input Name: 
Information: 33 feature(s) successfully exported.
End: 15-paü-2014 08:41:56
--------------------------------------------------------------------------------

--------------------------------------------------------------------------------
Start: 15-paü-2014 08:41:57
Component Name: Export to Shape File
Input Name: 
Information: 43 feature(s) successfully exported.
End: 15-paü-2014 08:41:57
--------------------------------------------------------------------------------

--------------------------------------------------------------------------------
Start: 15-paü-2014 08:41:57
Component Name: Export to Shape File
Input Name: 
Error: Export failed. Unable to open or don't have permissions.
Information: 0 feature(s) successfully exported.
End: 15-paü-2014 08:42:23
--------------------------------------------------------------------------------

--------------------------------------------------------------------------------
Start: 15-paü-2014 08:42:23
Component Name: Export to Shape File
Input Name: 
Information: 2857 feature(s) successfully exported.
End: 15-paü-2014 08:42:50
--------------------------------------------------------------------------------

--------------------------------------------------------------------------------
Start: 15-paü-2014 08:42:50
Component Name: Export to Shape File
Input Name: 
Information: 162 feature(s) successfully exported.
End: 15-paü-2014 08:42:52
--------------------------------------------------------------------------------

--------------------------------------------------------------------------------
Start: 15-paü-2014 08:42:52
Component Name: Export to Shape File
Input Name: 
Information: 320 feature(s) successfully exported.
End: 15-paü-2014 08:42:54
--------------------------------------------------------------------------------

--------------------------------------------------------------------------------
Start: 15-paü-2014 08:42:55
Component Name: Export to Shape File
Input Name: 
Information: 116 feature(s) successfully exported.
End: 15-paü-2014 08:42:56
--------------------------------------------------------------------------------

--------------------------------------------------------------------------------
Start: 15-paü-2014 08:42:56
Component Name: Export to Shape File
Input Name: 
Information: 4 feature(s) successfully exported.
End: 15-paü-2014 08:42:56
--------------------------------------------------------------------------------

--------------------------------------------------------------------------------
Start: 15-paü-2014 08:42:56
Component Name: Export to Shape File
Input Name: 
Error: Export failed. Unable to open or don't have permissions.
Information: 0 feature(s) successfully exported.
End: 15-paü-2014 08:43:39
--------------------------------------------------------------------------------

--------------------------------------------------------------------------------
Start: 15-paü-2014 08:43:39
Component Name: Export to Shape File
Input Name: 
Information: 5634 feature(s) successfully exported.
End: 15-paü-2014 08:44:39
--------------------------------------------------------------------------------

--------------------------------------------------------------------------------
Start: 15-paü-2014 08:44:39
Component Name: Export to Shape File
Input Name: 
Information: 1172 feature(s) successfully exported.
End: 15-paü-2014 08:44:51
--------------------------------------------------------------------------------

--------------------------------------------------------------------------------
Start: 15-paü-2014 08:44:51
Component Name: Export to Shape File
Input Name: 
Information: 3692 feature(s) successfully exported.
End: 15-paü-2014 08:45:28
--------------------------------------------------------------------------------

--------------------------------------------------------------------------------
Start: 15-paü-2014 08:45:29
Component Name: Export to Shape File
Input Name: 
Information: 31 feature(s) successfully exported.
End: 15-paü-2014 08:45:29
--------------------------------------------------------------------------------

--------------------------------------------------------------------------------
Start: 15-paü-2014 08:45:29
Component Name: Export to Shape File
Input Name: 
Information: 11210 feature(s) successfully exported.
End: 15-paü-2014 08:47:18
--------------------------------------------------------------------------------

--------------------------------------------------------------------------------
Start: 15-paü-2014 08:47:18
Component Name: Export to Shape File
Input Name: 
Information: 26097 feature(s) successfully exported.
End: 15-paü-2014 08:51:10
--------------------------------------------------------------------------------

--------------------------------------------------------------------------------
Start: 15-paü-2014 08:51:10
Component Name: Export to Shape File
Input Name: 
Information: 26778 feature(s) successfully exported.
End: 15-paü-2014 08:54:35
--------------------------------------------------------------------------------

--------------------------------------------------------------------------------
Start: 15-paü-2014 08:54:35
Component Name: Export to Shape File
Input Name: 
Information: 1 feature(s) successfully exported.
End: 15-paü-2014 08:54:35
--------------------------------------------------------------------------------

--------------------------------------------------------------------------------
Start: 15-paü-2014 08:54:35
Component Name: Export to Shape File
Input Name: 
Information: 783 feature(s) successfully exported.
End: 15-paü-2014 08:54:41
--------------------------------------------------------------------------------

--------------------------------------------------------------------------------
Start: 15-paü-2014 08:54:41
Component Name: Export to Shape File
Input Name: 
Information: 6 feature(s) successfully exported.
End: 15-paü-2014 08:54:41
--------------------------------------------------------------------------------

--------------------------------------------------------------------------------
Start: 15-paü-2014 08:54:42
Component Name: Export to Shape File
Input Name: 
Information: 224 feature(s) successfully exported.
End: 15-paü-2014 08:54:43
--------------------------------------------------------------------------------

--------------------------------------------------------------------------------
Start: 15-paü-2014 08:54:44
Component Name: Export to Shape File
Input Name: 
Information: 7224 feature(s) successfully exported.
End: 15-paü-2014 08:55:44
--------------------------------------------------------------------------------

--------------------------------------------------------------------------------
Start: 15-paü-2014 08:55:45
Component Name: Export to Shape File
Input Name: 
Information: 15 feature(s) successfully exported.
End: 15-paü-2014 08:55:45
--------------------------------------------------------------------------------

--------------------------------------------------------------------------------
Start: 15-paü-2014 08:55:45
Component Name: Export to Shape File
Input Name: 
Information: 57 feature(s) successfully exported.
End: 15-paü-2014 08:55:46
--------------------------------------------------------------------------------

--------------------------------------------------------------------------------
Start: 15-paü-2014 08:55:46
Component Name: Export to Shape File
Input Name: 
Information: 5525 feature(s) successfully exported.
End: 15-paü-2014 08:56:41
--------------------------------------------------------------------------------

--------------------------------------------------------------------------------
Start: 15-paü-2014 08:56:41
Component Name: Export to Shape File
Input Name: 
Information: 467 feature(s) successfully exported.
End: 15-paü-2014 08:56:46
--------------------------------------------------------------------------------

--------------------------------------------------------------------------------
Start: 15-paü-2014 08:56:47
Component Name: Export to Shape File
Input Name: 
Information: 940 feature(s) successfully exported.
End: 15-paü-2014 08:56:55
--------------------------------------------------------------------------------

--------------------------------------------------------------------------------
Start: 15-paü-2014 08:56:55
Component Name: Export to Shape File
Input Name: 
Information: 8 feature(s) successfully exported.
End: 15-paü-2014 08:56:55
--------------------------------------------------------------------------------

--------------------------------------------------------------------------------
Start: 15-paü-2014 08:56:55
Component Name: Export to Shape File
Input Name: 
Information: 3 feature(s) successfully exported.
End: 15-paü-2014 08:56:56
--------------------------------------------------------------------------------

--------------------------------------------------------------------------------
Start: 15-paü-2014 08:56:57
Component Name: Export to Shape File
Input Name: 
Information: 1274 feature(s) successfully exported.
End: 15-paü-2014 08:57:07
--------------------------------------------------------------------------------

--------------------------------------------------------------------------------
Start: 15-paü-2014 08:57:07
Component Name: Export to Shape File
Input Name: 
Information: 12 feature(s) successfully exported.
End: 15-paü-2014 08:57:07
--------------------------------------------------------------------------------

--------------------------------------------------------------------------------
Start: 15-paü-2014 08:57:07
Component Name: Export to Shape File
Input Name: 
Information: 25 feature(s) successfully exported.
End: 15-paü-2014 08:57:08
--------------------------------------------------------------------------------
