
--------------------------------------------------------------------------------
Start: 15-paü-2014 09:17:39
Component Name: Export to Shape File
Input Name: 
Information: 4 feature(s) successfully exported.
End: 15-paü-2014 09:17:39
--------------------------------------------------------------------------------

--------------------------------------------------------------------------------
Start: 15-paü-2014 09:17:39
Component Name: Export to Shape File
Input Name: 
Information: 25 feature(s) successfully exported.
End: 15-paü-2014 09:17:39
--------------------------------------------------------------------------------

--------------------------------------------------------------------------------
Start: 15-paü-2014 09:17:40
Component Name: Export to Shape File
Input Name: 
Information: 25 feature(s) successfully exported.
End: 15-paü-2014 09:17:40
--------------------------------------------------------------------------------

--------------------------------------------------------------------------------
Start: 15-paü-2014 09:17:40
Component Name: Export to Shape File
Input Name: 
Information: 20949 feature(s) successfully exported.
End: 15-paü-2014 09:20:05
--------------------------------------------------------------------------------

--------------------------------------------------------------------------------
Start: 15-paü-2014 09:20:05
Component Name: Export to Shape File
Input Name: 
Information: 15 feature(s) successfully exported.
End: 15-paü-2014 09:20:05
--------------------------------------------------------------------------------

--------------------------------------------------------------------------------
Start: 15-paü-2014 09:20:05
Component Name: Export to Shape File
Input Name: 
Information: 1 feature(s) successfully exported.
End: 15-paü-2014 09:20:05
--------------------------------------------------------------------------------

--------------------------------------------------------------------------------
Start: 15-paü-2014 09:20:06
Component Name: Export to Shape File
Input Name: 
Information: 19 feature(s) successfully exported.
End: 15-paü-2014 09:20:06
--------------------------------------------------------------------------------

--------------------------------------------------------------------------------
Start: 15-paü-2014 09:20:06
Component Name: Export to Shape File
Input Name: 
Information: 1646 feature(s) successfully exported.
End: 15-paü-2014 09:20:18
--------------------------------------------------------------------------------

--------------------------------------------------------------------------------
Start: 15-paü-2014 09:20:18
Component Name: Export to Shape File
Input Name: 
Information: 204 feature(s) successfully exported.
End: 15-paü-2014 09:20:20
--------------------------------------------------------------------------------

--------------------------------------------------------------------------------
Start: 15-paü-2014 09:20:20
Component Name: Export to Shape File
Input Name: 
Information: 13 feature(s) successfully exported.
End: 15-paü-2014 09:20:20
--------------------------------------------------------------------------------

--------------------------------------------------------------------------------
Start: 15-paü-2014 09:20:20
Component Name: Export to Shape File
Input Name: 
Information: 433 feature(s) successfully exported.
End: 15-paü-2014 09:20:22
--------------------------------------------------------------------------------

--------------------------------------------------------------------------------
Start: 15-paü-2014 09:20:22
Component Name: Export to Shape File
Input Name: 
Information: 174 feature(s) successfully exported.
End: 15-paü-2014 09:20:24
--------------------------------------------------------------------------------

--------------------------------------------------------------------------------
Start: 15-paü-2014 09:20:24
Component Name: Export to Shape File
Input Name: 
Information: 40 feature(s) successfully exported.
End: 15-paü-2014 09:20:24
--------------------------------------------------------------------------------

--------------------------------------------------------------------------------
Start: 15-paü-2014 09:20:24
Component Name: Export to Shape File
Input Name: 
Information: 29 feature(s) successfully exported.
End: 15-paü-2014 09:20:25
--------------------------------------------------------------------------------

--------------------------------------------------------------------------------
Start: 15-paü-2014 09:20:25
Component Name: Export to Shape File
Input Name: 
Information: 3 feature(s) successfully exported.
End: 15-paü-2014 09:20:25
--------------------------------------------------------------------------------

--------------------------------------------------------------------------------
Start: 15-paü-2014 09:20:25
Component Name: Export to Shape File
Input Name: 
Information: 148 feature(s) successfully exported.
End: 15-paü-2014 09:20:26
--------------------------------------------------------------------------------

--------------------------------------------------------------------------------
Start: 15-paü-2014 09:20:26
Component Name: Export to Shape File
Input Name: 
Information: 1 feature(s) successfully exported.
End: 15-paü-2014 09:20:26
--------------------------------------------------------------------------------

--------------------------------------------------------------------------------
Start: 15-paü-2014 09:20:26
Component Name: Export to Shape File
Input Name: 
Information: 369 feature(s) successfully exported.
End: 15-paü-2014 09:20:28
--------------------------------------------------------------------------------

--------------------------------------------------------------------------------
Start: 15-paü-2014 09:20:29
Component Name: Export to Shape File
Input Name: 
Information: 137 feature(s) successfully exported.
End: 15-paü-2014 09:20:30
--------------------------------------------------------------------------------

--------------------------------------------------------------------------------
Start: 15-paü-2014 09:20:30
Component Name: Export to Shape File
Input Name: 
Information: 36 feature(s) successfully exported.
End: 15-paü-2014 09:20:30
--------------------------------------------------------------------------------

--------------------------------------------------------------------------------
Start: 15-paü-2014 09:20:30
Component Name: Export to Shape File
Input Name: 
Information: 115 feature(s) successfully exported.
End: 15-paü-2014 09:20:31
--------------------------------------------------------------------------------

--------------------------------------------------------------------------------
Start: 15-paü-2014 09:20:31
Component Name: Export to Shape File
Input Name: 
Information: 9 feature(s) successfully exported.
End: 15-paü-2014 09:20:31
--------------------------------------------------------------------------------

--------------------------------------------------------------------------------
Start: 15-paü-2014 09:20:31
Component Name: Export to Shape File
Input Name: 
Information: 2 feature(s) successfully exported.
End: 15-paü-2014 09:20:31
--------------------------------------------------------------------------------

--------------------------------------------------------------------------------
Start: 15-paü-2014 09:20:31
Component Name: Export to Shape File
Input Name: 
Information: 6 feature(s) successfully exported.
End: 15-paü-2014 09:20:31
--------------------------------------------------------------------------------

--------------------------------------------------------------------------------
Start: 15-paü-2014 09:20:31
Component Name: Export to Shape File
Input Name: 
Information: 64 feature(s) successfully exported.
End: 15-paü-2014 09:20:32
--------------------------------------------------------------------------------

--------------------------------------------------------------------------------
Start: 15-paü-2014 09:20:32
Component Name: Export to Shape File
Input Name: 
Information: 59 feature(s) successfully exported.
End: 15-paü-2014 09:20:32
--------------------------------------------------------------------------------

--------------------------------------------------------------------------------
Start: 15-paü-2014 09:20:32
Component Name: Export to Shape File
Input Name: 
Information: 8 feature(s) successfully exported.
End: 15-paü-2014 09:20:33
--------------------------------------------------------------------------------

--------------------------------------------------------------------------------
Start: 15-paü-2014 09:20:33
Component Name: Export to Shape File
Input Name: 
Information: 86 feature(s) successfully exported.
End: 15-paü-2014 09:20:33
--------------------------------------------------------------------------------

--------------------------------------------------------------------------------
Start: 15-paü-2014 09:20:33
Component Name: Export to Shape File
Input Name: 
Information: 8 feature(s) successfully exported.
End: 15-paü-2014 09:20:34
--------------------------------------------------------------------------------

--------------------------------------------------------------------------------
Start: 15-paü-2014 09:20:34
Component Name: Export to Shape File
Input Name: 
Information: 9731 feature(s) successfully exported.
End: 15-paü-2014 09:21:44
--------------------------------------------------------------------------------

--------------------------------------------------------------------------------
Start: 15-paü-2014 09:21:44
Component Name: Export to Shape File
Input Name: 
Information: 86 feature(s) successfully exported.
End: 15-paü-2014 09:21:45
--------------------------------------------------------------------------------

--------------------------------------------------------------------------------
Start: 15-paü-2014 09:21:45
Component Name: Export to Shape File
Input Name: 
Information: 15 feature(s) successfully exported.
End: 15-paü-2014 09:21:45
--------------------------------------------------------------------------------

--------------------------------------------------------------------------------
Start: 15-paü-2014 09:21:46
Component Name: Export to Shape File
Input Name: 
Information: 226 feature(s) successfully exported.
End: 15-paü-2014 09:21:47
--------------------------------------------------------------------------------

--------------------------------------------------------------------------------
Start: 15-paü-2014 09:21:47
Component Name: Export to Shape File
Input Name: 
Information: 13 feature(s) successfully exported.
End: 15-paü-2014 09:21:47
--------------------------------------------------------------------------------

--------------------------------------------------------------------------------
Start: 15-paü-2014 09:21:48
Component Name: Export to Shape File
Input Name: 
Information: 28 feature(s) successfully exported.
End: 15-paü-2014 09:21:48
--------------------------------------------------------------------------------

--------------------------------------------------------------------------------
Start: 15-paü-2014 09:21:48
Component Name: Export to Shape File
Input Name: 
Information: 15 feature(s) successfully exported.
End: 15-paü-2014 09:21:48
--------------------------------------------------------------------------------

--------------------------------------------------------------------------------
Start: 15-paü-2014 09:21:48
Component Name: Export to Shape File
Input Name: 
Information: 25 feature(s) successfully exported.
End: 15-paü-2014 09:21:48
--------------------------------------------------------------------------------

--------------------------------------------------------------------------------
Start: 15-paü-2014 09:21:48
Component Name: Export to Shape File
Input Name: 
Information: 6 feature(s) successfully exported.
End: 15-paü-2014 09:21:48
--------------------------------------------------------------------------------

--------------------------------------------------------------------------------
Start: 15-paü-2014 09:21:49
Component Name: Export to Shape File
Input Name: 
Information: 1 feature(s) successfully exported.
End: 15-paü-2014 09:21:49
--------------------------------------------------------------------------------

--------------------------------------------------------------------------------
Start: 15-paü-2014 09:21:49
Component Name: Export to Shape File
Input Name: 
Information: 1 feature(s) successfully exported.
End: 15-paü-2014 09:21:49
--------------------------------------------------------------------------------

--------------------------------------------------------------------------------
Start: 15-paü-2014 09:21:49
Component Name: Export to Shape File
Input Name: 
Information: 5 feature(s) successfully exported.
End: 15-paü-2014 09:21:49
--------------------------------------------------------------------------------

--------------------------------------------------------------------------------
Start: 15-paü-2014 09:21:49
Component Name: Export to Shape File
Input Name: 
Information: 490 feature(s) successfully exported.
End: 15-paü-2014 09:21:52
--------------------------------------------------------------------------------

--------------------------------------------------------------------------------
Start: 15-paü-2014 09:21:52
Component Name: Export to Shape File
Input Name: 
Information: 34 feature(s) successfully exported.
End: 15-paü-2014 09:21:52
--------------------------------------------------------------------------------

--------------------------------------------------------------------------------
Start: 15-paü-2014 09:21:52
Component Name: Export to Shape File
Input Name: 
Information: 102 feature(s) successfully exported.
End: 15-paü-2014 09:21:53
--------------------------------------------------------------------------------

--------------------------------------------------------------------------------
Start: 15-paü-2014 09:21:53
Component Name: Export to Shape File
Input Name: 
Information: 22 feature(s) successfully exported.
End: 15-paü-2014 09:21:54
--------------------------------------------------------------------------------

--------------------------------------------------------------------------------
Start: 15-paü-2014 09:21:54
Component Name: Export to Shape File
Input Name: 
Information: 141 feature(s) successfully exported.
End: 15-paü-2014 09:21:55
--------------------------------------------------------------------------------

--------------------------------------------------------------------------------
Start: 15-paü-2014 09:21:55
Component Name: Export to Shape File
Input Name: 
Information: 976 feature(s) successfully exported.
End: 15-paü-2014 09:22:02
--------------------------------------------------------------------------------

--------------------------------------------------------------------------------
Start: 15-paü-2014 09:22:02
Component Name: Export to Shape File
Input Name: 
Information: 15807 feature(s) successfully exported.
End: 15-paü-2014 09:23:32
--------------------------------------------------------------------------------

--------------------------------------------------------------------------------
Start: 15-paü-2014 09:23:32
Component Name: Export to Shape File
Input Name: 
Information: 13 feature(s) successfully exported.
End: 15-paü-2014 09:23:33
--------------------------------------------------------------------------------

--------------------------------------------------------------------------------
Start: 15-paü-2014 09:23:33
Component Name: Export to Shape File
Input Name: 
Information: 2 feature(s) successfully exported.
End: 15-paü-2014 09:23:33
--------------------------------------------------------------------------------

--------------------------------------------------------------------------------
Start: 15-paü-2014 09:23:33
Component Name: Export to Shape File
Input Name: 
Information: 11 feature(s) successfully exported.
End: 15-paü-2014 09:23:33
--------------------------------------------------------------------------------

--------------------------------------------------------------------------------
Start: 15-paü-2014 09:23:33
Component Name: Export to Shape File
Input Name: 
Information: 38 feature(s) successfully exported.
End: 15-paü-2014 09:23:34
--------------------------------------------------------------------------------

--------------------------------------------------------------------------------
Start: 15-paü-2014 09:23:34
Component Name: Export to Shape File
Input Name: 
Information: 493 feature(s) successfully exported.
End: 15-paü-2014 09:23:37
--------------------------------------------------------------------------------

--------------------------------------------------------------------------------
Start: 15-paü-2014 09:23:37
Component Name: Export to Shape File
Input Name: 
Information: 136 feature(s) successfully exported.
End: 15-paü-2014 09:23:38
--------------------------------------------------------------------------------

--------------------------------------------------------------------------------
Start: 15-paü-2014 09:23:38
Component Name: Export to Shape File
Input Name: 
Information: 586 feature(s) successfully exported.
End: 15-paü-2014 09:23:43
--------------------------------------------------------------------------------

--------------------------------------------------------------------------------
Start: 15-paü-2014 09:23:43
Component Name: Export to Shape File
Input Name: 
Information: 13 feature(s) successfully exported.
End: 15-paü-2014 09:23:43
--------------------------------------------------------------------------------

--------------------------------------------------------------------------------
Start: 15-paü-2014 09:23:43
Component Name: Export to Shape File
Input Name: 
Information: 3 feature(s) successfully exported.
End: 15-paü-2014 09:23:43
--------------------------------------------------------------------------------

--------------------------------------------------------------------------------
Start: 15-paü-2014 09:23:43
Component Name: Export to Shape File
Input Name: 
Information: 898 feature(s) successfully exported.
End: 15-paü-2014 09:23:50
--------------------------------------------------------------------------------

--------------------------------------------------------------------------------
Start: 15-paü-2014 09:23:50
Component Name: Export to Shape File
Input Name: 
Information: 138 feature(s) successfully exported.
End: 15-paü-2014 09:23:51
--------------------------------------------------------------------------------

--------------------------------------------------------------------------------
Start: 15-paü-2014 09:23:51
Component Name: Export to Shape File
Input Name: 
Information: 182 feature(s) successfully exported.
End: 15-paü-2014 09:23:53
--------------------------------------------------------------------------------

--------------------------------------------------------------------------------
Start: 15-paü-2014 09:23:53
Component Name: Export to Shape File
Input Name: 
Information: 2 feature(s) successfully exported.
End: 15-paü-2014 09:23:53
--------------------------------------------------------------------------------

--------------------------------------------------------------------------------
Start: 15-paü-2014 09:23:53
Component Name: Export to Shape File
Input Name: 
Information: 3001 feature(s) successfully exported.
End: 15-paü-2014 09:24:17
--------------------------------------------------------------------------------

--------------------------------------------------------------------------------
Start: 15-paü-2014 09:24:17
Component Name: Export to Shape File
Input Name: 
Information: 10931 feature(s) successfully exported.
End: 15-paü-2014 09:25:33
--------------------------------------------------------------------------------

--------------------------------------------------------------------------------
Start: 15-paü-2014 09:25:33
Component Name: Export to Shape File
Input Name: 
Information: 11781 feature(s) successfully exported.
End: 15-paü-2014 09:26:58
--------------------------------------------------------------------------------

--------------------------------------------------------------------------------
Start: 15-paü-2014 09:26:58
Component Name: Export to Shape File
Input Name: 
Information: 5261 feature(s) successfully exported.
End: 15-paü-2014 09:27:36
--------------------------------------------------------------------------------

--------------------------------------------------------------------------------
Start: 15-paü-2014 09:27:36
Component Name: Export to Shape File
Input Name: 
Information: 20 feature(s) successfully exported.
End: 15-paü-2014 09:27:36
--------------------------------------------------------------------------------

--------------------------------------------------------------------------------
Start: 15-paü-2014 09:27:37
Component Name: Export to Shape File
Input Name: 
Information: 879 feature(s) successfully exported.
End: 15-paü-2014 09:27:43
--------------------------------------------------------------------------------

--------------------------------------------------------------------------------
Start: 15-paü-2014 09:27:43
Component Name: Export to Shape File
Input Name: 
Information: 1218 feature(s) successfully exported.
End: 15-paü-2014 09:27:51
--------------------------------------------------------------------------------

--------------------------------------------------------------------------------
Start: 15-paü-2014 09:27:51
Component Name: Export to Shape File
Input Name: 
Information: 70 feature(s) successfully exported.
End: 15-paü-2014 09:27:52
--------------------------------------------------------------------------------

--------------------------------------------------------------------------------
Start: 15-paü-2014 09:27:52
Component Name: Export to Shape File
Input Name: 
Information: 2 feature(s) successfully exported.
End: 15-paü-2014 09:27:52
--------------------------------------------------------------------------------

--------------------------------------------------------------------------------
Start: 15-paü-2014 09:27:52
Component Name: Export to Shape File
Input Name: 
Information: 194 feature(s) successfully exported.
End: 15-paü-2014 09:27:54
--------------------------------------------------------------------------------

--------------------------------------------------------------------------------
Start: 15-paü-2014 09:27:54
Component Name: Export to Shape File
Input Name: 
Information: 40 feature(s) successfully exported.
End: 15-paü-2014 09:27:54
--------------------------------------------------------------------------------

--------------------------------------------------------------------------------
Start: 15-paü-2014 09:27:55
Component Name: Export to Shape File
Input Name: 
Information: 731 feature(s) successfully exported.
End: 15-paü-2014 09:27:59
--------------------------------------------------------------------------------

--------------------------------------------------------------------------------
Start: 15-paü-2014 09:27:59
Component Name: Export to Shape File
Input Name: 
Information: 7 feature(s) successfully exported.
End: 15-paü-2014 09:27:59
--------------------------------------------------------------------------------

--------------------------------------------------------------------------------
Start: 15-paü-2014 09:27:59
Component Name: Export to Shape File
Input Name: 
Information: 3 feature(s) successfully exported.
End: 15-paü-2014 09:27:59
--------------------------------------------------------------------------------

--------------------------------------------------------------------------------
Start: 15-paü-2014 09:28:00
Component Name: Export to Shape File
Input Name: 
Information: 841 feature(s) successfully exported.
End: 15-paü-2014 09:28:06
--------------------------------------------------------------------------------

--------------------------------------------------------------------------------
Start: 15-paü-2014 09:28:06
Component Name: Export to Shape File
Input Name: 
Information: 10 feature(s) successfully exported.
End: 15-paü-2014 09:28:06
--------------------------------------------------------------------------------

--------------------------------------------------------------------------------
Start: 15-paü-2014 09:28:07
Component Name: Export to Shape File
Input Name: 
Information: 4 feature(s) successfully exported.
End: 15-paü-2014 09:28:07
--------------------------------------------------------------------------------
